<?xml version="1.0" encoding="UTF-8"?>
<!-- Generated by org.testng.reporters.JUnitReportReporter -->
<testsuite hostname="CBT-017" name="mypackage.grid_demo3" tests="2" failures="0" timestamp="16 Jul 2016 10:57:42 GMT" time="16.876" errors="0">
  <testcase name="function1" time="7.954" classname="mypackage.grid_demo3"/>
  <testcase name="function1" time="8.922" classname="mypackage.grid_demo3"/>
</testsuite> <!-- mypackage.grid_demo3 -->
