<?xml version="1.0" encoding="UTF-8"?>
<!-- Generated by org.testng.reporters.JUnitReportReporter -->
<testsuite hostname="CBT-017" name="mypackage.grid_demo2" tests="2" failures="0" timestamp="16 Jul 2016 10:56:39 GMT" time="24.212" errors="0">
  <testcase name="function1" time="10.219" classname="mypackage.grid_demo2"/>
  <testcase name="function1" time="13.993" classname="mypackage.grid_demo2"/>
</testsuite> <!-- mypackage.grid_demo2 -->
