<?xml version="1.0" encoding="UTF-8"?>
<!-- Generated by org.testng.reporters.JUnitReportReporter -->
<testsuite hostname="CBT-017" name="mypackage.grid_demo1" tests="1" failures="0" timestamp="16 Jul 2016 13:40:08 GMT" time="10.334" errors="0">
  <testcase name="function1" time="10.334" classname="mypackage.grid_demo1"/>
</testsuite> <!-- mypackage.grid_demo1 -->
